<?xml version="1.0" encoding="UTF-8"?>
<!-- Generated by org.testng.reporters.JUnitXMLReporter -->
<testsuite hostname="MeghShiv" ignored="1" name="Smoke Test" tests="2" failures="0" timestamp="2022-12-13T13:44:14 GMT" time="8.534" errors="0">
  <testcase name="verifyThePasswordErrorMessage" time="0.427" classname="com.herokuapp.testsuite.LoginPageTest"/>
  <testcase name="verifyTheUsernameErrorMessage" time="0.436" classname="com.herokuapp.testsuite.LoginPageTest"/>
  <testcase name="userShouldLoginSuccessfullyWithValidCredentials" time="0.0" classname="com.herokuapp.testsuite.LoginPageTest">
    <ignored/>
  </testcase> <!-- userShouldLoginSuccessfullyWithValidCredentials -->
</testsuite> <!-- Smoke Test -->
