<?xml version="1.0" encoding="UTF-8"?>
<!-- Generated by org.testng.reporters.JUnitXMLReporter -->
<testsuite hostname="MeghShiv" ignored="0" name="Regression Test" tests="3" failures="0" timestamp="2022-12-13T13:44:56 GMT" time="15.016" errors="0">
  <testcase name="userShouldLoginSuccessfullyWithValidCredentials" time="0.473" classname="com.herokuapp.testsuite.LoginPageTest"/>
  <testcase name="verifyThePasswordErrorMessage" time="0.431" classname="com.herokuapp.testsuite.LoginPageTest"/>
  <testcase name="verifyTheUsernameErrorMessage" time="0.431" classname="com.herokuapp.testsuite.LoginPageTest"/>
</testsuite> <!-- Regression Test -->
