<?xml version="1.0" encoding="UTF-8"?>
<testsuite name="Login Test"
           tests="3"
           failures="0"
           errors="0"
           skipped="0"
           time="1.264">
  <properties />
  
  
            <testcase name="userShouldLoginSuccessfullyWithValidCredentials" time="0.448" classname="com.herokuapp.testsuite.LoginPageTest" />
                <testcase name="verifyThePasswordErrorMessage" time="0.380" classname="com.herokuapp.testsuite.LoginPageTest" />
                <testcase name="verifyTheUsernameErrorMessage" time="0.436" classname="com.herokuapp.testsuite.LoginPageTest" />
      
</testsuite>
