<?xml version="1.0" encoding="UTF-8"?>
<!-- Generated by org.testng.reporters.JUnitXMLReporter -->
<testsuite hostname="MeghShiv" ignored="0" name="Login Test" tests="3" failures="0" timestamp="2022-12-13T13:43:34 GMT" time="12.911" errors="0">
  <testcase name="userShouldLoginSuccessfullyWithValidCredentials" time="0.448" classname="com.herokuapp.testsuite.LoginPageTest"/>
  <testcase name="verifyThePasswordErrorMessage" time="0.38" classname="com.herokuapp.testsuite.LoginPageTest"/>
  <testcase name="verifyTheUsernameErrorMessage" time="0.436" classname="com.herokuapp.testsuite.LoginPageTest"/>
</testsuite> <!-- Login Test -->
